
                            < M A T L A B (R) >
                  Copyright 1984-2018 The MathWorks, Inc.
                   R2018b (9.5.0.944444) 64-bit (glnxa64)
                              August 28, 2018


                            < M A T L A B (R) >
                  Copyright 1984-2018 The MathWorks, Inc.
                   R2018b (9.5.0.944444) 64-bit (glnxa64)
                              August 28, 2018


                            < M A T L A B (R) >
                  Copyright 1984-2018 The MathWorks, Inc.
                   R2018b (9.5.0.944444) 64-bit (glnxa64)
                              August 28, 2018


                            < M A T L A B (R) >
                  Copyright 1984-2018 The MathWorks, Inc.
                   R2018b (9.5.0.944444) 64-bit (glnxa64)
                              August 28, 2018


                            < M A T L A B (R) >
                  Copyright 1984-2018 The MathWorks, Inc.
                   R2018b (9.5.0.944444) 64-bit (glnxa64)
                              August 28, 2018


                            < M A T L A B (R) >
                  Copyright 1984-2018 The MathWorks, Inc.
                   R2018b (9.5.0.944444) 64-bit (glnxa64)
                              August 28, 2018


                            < M A T L A B (R) >
                  Copyright 1984-2018 The MathWorks, Inc.
                   R2018b (9.5.0.944444) 64-bit (glnxa64)
                              August 28, 2018


                            < M A T L A B (R) >
                  Copyright 1984-2018 The MathWorks, Inc.
                   R2018b (9.5.0.944444) 64-bit (glnxa64)
                              August 28, 2018


                            < M A T L A B (R) >
                  Copyright 1984-2018 The MathWorks, Inc.
                   R2018b (9.5.0.944444) 64-bit (glnxa64)
                              August 28, 2018


                            < M A T L A B (R) >
                  Copyright 1984-2018 The MathWorks, Inc.
                   R2018b (9.5.0.944444) 64-bit (glnxa64)
                              August 28, 2018

 
 
 
 
 
 
 
 
 
 
To get started, type doc.
For product information, visit www.mathworks.com.
 
To get started, type doc.
For product information, visit www.mathworks.com.
 
To get started, type doc.
For product information, visit www.mathworks.com.
 
To get started, type doc.
For product information, visit www.mathworks.com.
 
To get started, type doc.
For product information, visit www.mathworks.com.
 
To get started, type doc.
For product information, visit www.mathworks.com.
 
To get started, type doc.
For product information, visit www.mathworks.com.
 
To get started, type doc.
For product information, visit www.mathworks.com.
 
To get started, type doc.
For product information, visit www.mathworks.com.
 
To get started, type doc.
For product information, visit www.mathworks.com.
 

task_id =

    '4'


task_id =

    '7'


task_id =

    '9'


task_id =

    '5'


task_id =

    '0'


task_id =

    '1'


task_id =

    '6'


task_id =

    '3'


task_id =

    '8'


task_id =

    '2'

